API for https://demo.data.gouv.fr ready.
Starting at Fri Jan 23 13:35:21 2026.
*** DRY RUN ***
Processing universe topic 'univers-ecospheres'.
Found 183 entries in grist.
Found 28784 datasets matching the upcoming universe.
Found 28784 datasets currently in the universe.
Updating topic:
- Adding 0 datasets...
- Deleting 0 datasets...
Generating output file dist/ecospheres-demo/organizations-datasets.json with 172 entries...
Found 177 dataservices matching the upcoming universe.
Found 177 dataservices currently in the universe.
Updating topic:
- Adding 0 dataservices...
- Deleting 0 dataservices...
Generating output file dist/ecospheres-demo/organizations-dataservices.json with 21 entries...
Found 18 bouquets with the universe tag.
Generating output file dist/ecospheres-demo/organizations-bouquets.json with 7 entries...
Done at Fri Jan 23 13:39:04 2026 in 223 seconds.
